Vivado Simulator v2023.1
Copyright 1986-2022 Xilinx, Inc. All Rights Reserved.
Copyright 2022-2023 Advanced Micro Devices, Inc. All Rights Reserved.
Running: /mnt/shares/tools/Xilinx/Vivado/2023.1/bin/unwrapped/lnx64.o/xelab --incr --debug typical --relax --mt 8 -L xil_defaultlib -L uvm -L unisims_ver -L unimacro_ver -L secureip --snapshot reassembler_service_behav xil_defaultlib.reassembler_service xil_defaultlib.glbl -log elaborate.log 
Using 8 slave threads.
Starting static elaboration
Pass Through NonSizing Optimizer
ERROR: [VRFC 10-3352] formal port 'emptylist' expects a modport or interface instance actual [/home/gabriel/Desktop/go_workspace/github_repo/HPRC-PigasusXilinx/pigasus_xilinx/reassembler_service/reassembler_service/reassembler_service.srcs/sources_1/imports/services/input_comp_client.sv:19]
ERROR: [VRFC 10-3352] formal port 'pkt' expects a modport or interface instance actual [/home/gabriel/Desktop/go_workspace/github_repo/HPRC-PigasusXilinx/pigasus_xilinx/reassembler_service/reassembler_service/reassembler_service.srcs/sources_1/imports/services/input_comp_client.sv:20]
ERROR: [VRFC 10-3352] formal port 'meta' expects a modport or interface instance actual [/home/gabriel/Desktop/go_workspace/github_repo/HPRC-PigasusXilinx/pigasus_xilinx/reassembler_service/reassembler_service/reassembler_service.srcs/sources_1/imports/services/input_comp_client.sv:21]
ERROR: [VRFC 10-3352] formal port 'in_meta' expects a modport or interface instance actual [/home/gabriel/Desktop/go_workspace/github_repo/HPRC-PigasusXilinx/pigasus_xilinx/reassembler_service/reassembler_service/reassembler_service.srcs/sources_1/imports/services/parser_client.sv:10]
ERROR: [VRFC 10-3352] formal port 'in_pkt' expects a modport or interface instance actual [/home/gabriel/Desktop/go_workspace/github_repo/HPRC-PigasusXilinx/pigasus_xilinx/reassembler_service/reassembler_service/reassembler_service.srcs/sources_1/imports/services/parser_client.sv:11]
ERROR: [VRFC 10-3352] formal port 'out_meta' expects a modport or interface instance actual [/home/gabriel/Desktop/go_workspace/github_repo/HPRC-PigasusXilinx/pigasus_xilinx/reassembler_service/reassembler_service/reassembler_service.srcs/sources_1/imports/services/parser_client.sv:12]
ERROR: [VRFC 10-3352] formal port 'rx' expects a modport or interface instance actual [/home/gabriel/Desktop/go_workspace/github_repo/HPRC-PigasusXilinx/pigasus_xilinx/reassembler_service/reassembler_service/reassembler_service.srcs/sources_1/imports/common_usr/service_converter.sv:17]
ERROR: [VRFC 10-3352] formal port 'tx' expects a modport or interface instance actual [/home/gabriel/Desktop/go_workspace/github_repo/HPRC-PigasusXilinx/pigasus_xilinx/reassembler_service/reassembler_service/reassembler_service.srcs/sources_1/imports/common_usr/service_converter.sv:16]
ERROR: [VRFC 10-3352] formal port 'tx' expects a modport or interface instance actual [/home/gabriel/Desktop/go_workspace/github_repo/HPRC-PigasusXilinx/pigasus_xilinx/reassembler_service/reassembler_service/reassembler_service.srcs/sources_1/imports/common_usr/service_converter.sv:84]
ERROR: [VRFC 10-3352] formal port 'rx' expects a modport or interface instance actual [/home/gabriel/Desktop/go_workspace/github_repo/HPRC-PigasusXilinx/pigasus_xilinx/reassembler_service/reassembler_service/reassembler_service.srcs/sources_1/imports/common_usr/service_converter.sv:85]
ERROR: [VRFC 10-3352] formal port 'in' expects a modport or interface instance actual [/home/gabriel/Desktop/go_workspace/github_repo/HPRC-PigasusXilinx/pigasus_xilinx/reassembler_service/reassembler_service/reassembler_service.srcs/sources_1/imports/services/unified_fifo_service.sv:26]
ERROR: [VRFC 10-3352] formal port 'out' expects a modport or interface instance actual [/home/gabriel/Desktop/go_workspace/github_repo/HPRC-PigasusXilinx/pigasus_xilinx/reassembler_service/reassembler_service/reassembler_service.srcs/sources_1/imports/services/unified_fifo_service.sv:27]
ERROR: [VRFC 10-3352] formal port 'in_meta' expects a modport or interface instance actual [/home/gabriel/Desktop/go_workspace/github_repo/HPRC-PigasusXilinx/pigasus_xilinx/reassembler_service/reassembler_service/reassembler_service.srcs/sources_1/imports/services/flow_table_client.sv:13]
ERROR: [VRFC 10-3352] formal port 'out_meta' expects a modport or interface instance actual [/home/gabriel/Desktop/go_workspace/github_repo/HPRC-PigasusXilinx/pigasus_xilinx/reassembler_service/reassembler_service/reassembler_service.srcs/sources_1/imports/services/flow_table_client.sv:14]
ERROR: [VRFC 10-3352] formal port 'forward_meta' expects a modport or interface instance actual [/home/gabriel/Desktop/go_workspace/github_repo/HPRC-PigasusXilinx/pigasus_xilinx/reassembler_service/reassembler_service/reassembler_service.srcs/sources_1/imports/services/flow_table_client.sv:15]
ERROR: [VRFC 10-3352] formal port 'reorder_meta' expects a modport or interface instance actual [/home/gabriel/Desktop/go_workspace/github_repo/HPRC-PigasusXilinx/pigasus_xilinx/reassembler_service/reassembler_service/reassembler_service.srcs/sources_1/imports/services/flow_table_client.sv:16]
ERROR: [VRFC 10-3352] formal port 'in0' expects a modport or interface instance actual [/home/gabriel/Desktop/go_workspace/github_repo/HPRC-PigasusXilinx/pigasus_xilinx/reassembler_service/reassembler_service/reassembler_service.srcs/sources_1/imports/services/arb_2_af_service.sv:12]
ERROR: [VRFC 10-3352] formal port 'in1' expects a modport or interface instance actual [/home/gabriel/Desktop/go_workspace/github_repo/HPRC-PigasusXilinx/pigasus_xilinx/reassembler_service/reassembler_service/reassembler_service.srcs/sources_1/imports/services/arb_2_af_service.sv:13]
ERROR: [VRFC 10-3352] formal port 'out' expects a modport or interface instance actual [/home/gabriel/Desktop/go_workspace/github_repo/HPRC-PigasusXilinx/pigasus_xilinx/reassembler_service/reassembler_service/reassembler_service.srcs/sources_1/imports/services/arb_2_af_service.sv:14]
INFO: [#UNDEF] Sorry, too many errors..
ERROR: [XSIM 43-3322] Static elaboration of top level Verilog design unit(s) in library work failed.
