INFO: [VRFC 10-2263] Analyzing SystemVerilog file "/home/gabriel/Desktop/go_workspace/github_repo/HPRC-PigasusXilinx/pigasus_xilinx/reassembler_service/reassembler_service/reassembler_service.srcs/sources_1/imports/services/arb_2_af_service.sv" into library xil_defaultlib
INFO: [VRFC 10-311] analyzing module arb_2_af_service
INFO: [VRFC 10-2263] Analyzing SystemVerilog file "/home/gabriel/Desktop/go_workspace/github_repo/HPRC-PigasusXilinx/pigasus_xilinx/reassembler_service/reassembler_service/reassembler_service.srcs/sources_1/imports/services/arb_2_service.sv" into library xil_defaultlib
INFO: [VRFC 10-311] analyzing module arb_2_service
INFO: [VRFC 10-2263] Analyzing SystemVerilog file "/home/gabriel/Desktop/go_workspace/github_repo/HPRC-PigasusXilinx/pigasus_xilinx/reassembler_service/reassembler_service/reassembler_service.srcs/sources_1/imports/common_usr/arb_2_wrapper.sv" into library xil_defaultlib
INFO: [VRFC 10-311] analyzing module arb_2_wrapper
INFO: [VRFC 10-2263] Analyzing SystemVerilog file "/home/gabriel/Desktop/go_workspace/github_repo/HPRC-PigasusXilinx/pigasus_xilinx/reassembler_service/reassembler_service/reassembler_service.srcs/sources_1/imports/common_usr/arb_2_wrapper_infill.sv" into library xil_defaultlib
INFO: [VRFC 10-311] analyzing module arb_2_wrapper_infill
INFO: [VRFC 10-2263] Analyzing SystemVerilog file "/home/gabriel/Desktop/go_workspace/github_repo/HPRC-PigasusXilinx/pigasus_xilinx/reassembler_service/reassembler_service/reassembler_service.srcs/sources_1/new/bram_simple2port.sv" into library xil_defaultlib
INFO: [VRFC 10-311] analyzing module bram_simple2port
INFO: [VRFC 10-2263] Analyzing SystemVerilog file "/home/gabriel/Desktop/go_workspace/github_repo/HPRC-PigasusXilinx/pigasus_xilinx/reassembler_service/reassembler_service/reassembler_service.srcs/sources_1/new/bram_true2port.sv" into library xil_defaultlib
INFO: [VRFC 10-311] analyzing module bram_true2port
INFO: [VRFC 10-2263] Analyzing SystemVerilog file "/home/gabriel/Desktop/go_workspace/github_repo/HPRC-PigasusXilinx/pigasus_xilinx/reassembler_service/reassembler_service/reassembler_service.srcs/sources_1/new/data_mover.sv" into library xil_defaultlib
INFO: [VRFC 10-311] analyzing module data_mover
INFO: [VRFC 10-2263] Analyzing SystemVerilog file "/home/gabriel/Desktop/go_workspace/github_repo/HPRC-PigasusXilinx/pigasus_xilinx/reassembler_service/reassembler_service/reassembler_service.srcs/sources_1/imports/services/data_mover_service.sv" into library xil_defaultlib
INFO: [VRFC 10-311] analyzing module data_mover_service
INFO: [VRFC 10-2263] Analyzing SystemVerilog file "/home/gabriel/Desktop/go_workspace/github_repo/HPRC-PigasusXilinx/pigasus_xilinx/reassembler_service/reassembler_service/reassembler_service.srcs/sources_1/imports/reassembly/flow_reassembly.sv" into library xil_defaultlib
INFO: [VRFC 10-311] analyzing module flow_reassembly
INFO: [VRFC 10-2263] Analyzing SystemVerilog file "/home/gabriel/Desktop/go_workspace/github_repo/HPRC-PigasusXilinx/pigasus_xilinx/reassembler_service/reassembler_service/reassembler_service.srcs/sources_1/imports/reassembly/flow_table.sv" into library xil_defaultlib
INFO: [VRFC 10-311] analyzing module flow_table
INFO: [VRFC 10-2263] Analyzing SystemVerilog file "/home/gabriel/Desktop/go_workspace/github_repo/HPRC-PigasusXilinx/pigasus_xilinx/reassembler_service/reassembler_service/reassembler_service.srcs/sources_1/imports/services/flow_table_client.sv" into library xil_defaultlib
INFO: [VRFC 10-311] analyzing module flow_table_client
INFO: [VRFC 10-2263] Analyzing SystemVerilog file "/home/gabriel/Desktop/go_workspace/github_repo/HPRC-PigasusXilinx/pigasus_xilinx/reassembler_service/reassembler_service/reassembler_service.srcs/sources_1/imports/reassembly/flow_table_wrapper.sv" into library xil_defaultlib
INFO: [VRFC 10-311] analyzing module flow_table_wrapper
INFO: [VRFC 10-2263] Analyzing SystemVerilog file "/home/gabriel/Desktop/go_workspace/github_repo/HPRC-PigasusXilinx/pigasus_xilinx/reassembler_service/reassembler_service/reassembler_service.srcs/sources_1/imports/reassembly/hash_func.sv" into library xil_defaultlib
INFO: [VRFC 10-311] analyzing module hash_func
INFO: [VRFC 10-2263] Analyzing SystemVerilog file "/home/gabriel/Desktop/go_workspace/github_repo/HPRC-PigasusXilinx/pigasus_xilinx/reassembler_service/reassembler_service/reassembler_service.srcs/sources_1/new/hyper_pipe.sv" into library xil_defaultlib
INFO: [VRFC 10-311] analyzing module hyper_pipe
INFO: [VRFC 10-2263] Analyzing SystemVerilog file "/home/gabriel/Desktop/go_workspace/github_repo/HPRC-PigasusXilinx/pigasus_xilinx/reassembler_service/reassembler_service/reassembler_service.srcs/sources_1/imports/parser/input_comp.sv" into library xil_defaultlib
INFO: [VRFC 10-311] analyzing module input_comp
INFO: [VRFC 10-2263] Analyzing SystemVerilog file "/home/gabriel/Desktop/go_workspace/github_repo/HPRC-PigasusXilinx/pigasus_xilinx/reassembler_service/reassembler_service/reassembler_service.srcs/sources_1/imports/services/input_comp_client.sv" into library xil_defaultlib
INFO: [VRFC 10-311] analyzing module input_comp_client
INFO: [VRFC 10-2263] Analyzing SystemVerilog file "/home/gabriel/Desktop/go_workspace/github_repo/HPRC-PigasusXilinx/pigasus_xilinx/reassembler_service/reassembler_service/reassembler_service.srcs/sources_1/imports/reassembly/linked_list.sv" into library xil_defaultlib
INFO: [VRFC 10-311] analyzing module linked_list
INFO: [VRFC 10-2263] Analyzing SystemVerilog file "/home/gabriel/Desktop/go_workspace/github_repo/HPRC-PigasusXilinx/pigasus_xilinx/reassembler_service/reassembler_service/reassembler_service.srcs/sources_1/imports/reassembly/para_Q.sv" into library xil_defaultlib
INFO: [VRFC 10-311] analyzing module para_Q
INFO: [VRFC 10-2263] Analyzing SystemVerilog file "/home/gabriel/Desktop/go_workspace/github_repo/HPRC-PigasusXilinx/pigasus_xilinx/reassembler_service/reassembler_service/reassembler_service.srcs/sources_1/imports/parser/parser.sv" into library xil_defaultlib
INFO: [VRFC 10-311] analyzing module parser
INFO: [VRFC 10-2263] Analyzing SystemVerilog file "/home/gabriel/Desktop/go_workspace/github_repo/HPRC-PigasusXilinx/pigasus_xilinx/reassembler_service/reassembler_service/reassembler_service.srcs/sources_1/imports/services/parser_client.sv" into library xil_defaultlib
INFO: [VRFC 10-311] analyzing module parser_client
INFO: [VRFC 10-2263] Analyzing SystemVerilog file "/home/gabriel/Desktop/go_workspace/github_repo/HPRC-PigasusXilinx/pigasus_xilinx/reassembler_service/reassembler_service/reassembler_service.srcs/sources_1/imports/common_usr/rr_arbiter_4.sv" into library xil_defaultlib
INFO: [VRFC 10-311] analyzing module rr_arbiter_4
INFO: [VRFC 10-2263] Analyzing SystemVerilog file "/home/gabriel/Desktop/go_workspace/github_repo/HPRC-PigasusXilinx/pigasus_xilinx/reassembler_service/reassembler_service/reassembler_service.srcs/sources_1/imports/common_usr/service_converter.sv" into library xil_defaultlib
INFO: [VRFC 10-311] analyzing module client_epig_shim
INFO: [VRFC 10-311] analyzing module server_epig_shim
INFO: [VRFC 10-311] analyzing module noc_tb_client
INFO: [VRFC 10-311] analyzing module noc_tb_server
INFO: [VRFC 10-2263] Analyzing SystemVerilog file "/home/gabriel/Desktop/go_workspace/github_repo/HPRC-PigasusXilinx/pigasus_xilinx/reassembler_service/reassembler_service/reassembler_service.srcs/sources_1/new/st_multiplexer.sv" into library xil_defaultlib
INFO: [VRFC 10-311] analyzing module st_multiplexer
INFO: [VRFC 10-311] analyzing module st_multiplexer_multiplexer_191_l5kkgty_1stage_pipeline
INFO: [VRFC 10-2263] Analyzing SystemVerilog file "/home/gabriel/Desktop/go_workspace/github_repo/HPRC-PigasusXilinx/pigasus_xilinx/reassembler_service/reassembler_service/reassembler_service.srcs/sources_1/imports/common_usr/stats_cnt.sv" into library xil_defaultlib
INFO: [VRFC 10-311] analyzing module stats_cnt
INFO: [VRFC 10-311] analyzing module stats_cnt_rule
INFO: [VRFC 10-2263] Analyzing SystemVerilog file "/home/gabriel/Desktop/go_workspace/github_repo/HPRC-PigasusXilinx/pigasus_xilinx/reassembler_service/reassembler_service/reassembler_service.srcs/sources_1/imports/common_usr/unified_fifo.sv" into library xil_defaultlib
INFO: [VRFC 10-311] analyzing module unified_fifo
INFO: [VRFC 10-2263] Analyzing SystemVerilog file "/home/gabriel/Desktop/go_workspace/github_repo/HPRC-PigasusXilinx/pigasus_xilinx/reassembler_service/reassembler_service/reassembler_service.srcs/sources_1/imports/services/unified_fifo_service.sv" into library xil_defaultlib
INFO: [VRFC 10-311] analyzing module unified_fifo_service
INFO: [VRFC 10-2263] Analyzing SystemVerilog file "/home/gabriel/Desktop/go_workspace/github_repo/HPRC-PigasusXilinx/pigasus_xilinx/reassembler_service/reassembler_service/reassembler_service.srcs/sources_1/imports/services/reassembler_service.sv" into library xil_defaultlib
INFO: [VRFC 10-311] analyzing module reassembler_service
